<?xml version="1.0" encoding="UTF-8"?>
<!-- Generated by org.testng.reporters.JUnitReportReporter -->
<testsuite hostname="JVBRRR" failures="0" tests="1" name="testng.Testcase3" time="7.377" errors="0" timestamp="2022-07-25T10:36:37 IST" skipped="0">
  <testcase classname="testng.Testcase3" name="tc3" time="7.377"/>
  <system-out>
    <![CDATA[Forgotten Password | Can't Log In | Facebook
https://www.facebook.com/login/identify/?ctx=recover&ars=facebook_login&from_login_screen=0]]>
  </system-out>
</testsuite> <!-- testng.Testcase3 -->
