<?xml version="1.0" encoding="UTF-8"?>
<!-- Generated by org.testng.reporters.JUnitReportReporter -->
<testsuite hostname="JVBRRR" failures="0" tests="1" name="testng.Test4" time="5.161" errors="0" timestamp="2022-07-24T16:32:49 IST" skipped="0">
  <testcase classname="testng.Test4" name="tc4" time="5.161"/>
  <system-out>
    <![CDATA[Forgotten Password | Can't Log In | Facebook
https://www.facebook.com/login/identify/?ctx=recover&ars=facebook_login&from_login_screen=0]]>
  </system-out>
</testsuite> <!-- testng.Test4 -->
